{"/Users/u1123547/Development/Vue/Vue - The Complete Guide/Testing/jest/new_example_app/src/App.vue": {"path":"/Users/u1123547/Development/Vue/Vue - The Complete Guide/Testing/jest/new_example_app/src/App.vue","statementMap":{"0":{"start":{"line":4,"column":29},"end":{"line":4,"column":194}},"1":{"start":{"line":5,"column":0},"end":{"line":7,"column":3}},"2":{"start":{"line":8,"column":0},"end":{"line":8,"column":25}},"3":{"start":{"line":39,"column":0},"end":{"line":39,"column":13}},"4":{"start":{"line":41,"column":29},"end":{"line":41,"column":194}},"5":{"start":{"line":42,"column":0},"end":{"line":44,"column":3}},"6":{"start":{"line":45,"column":0},"end":{"line":45,"column":24}},"7":{"start":{"line":46,"column":11},"end":{"line":46,"column":25}},"8":{"start":{"line":47,"column":12},"end":{"line":47,"column":64}},"9":{"start":{"line":48,"column":32},"end":{"line":51,"column":26}},"10":{"start":{"line":54,"column":32},"end":{"line":54,"column":72}},"11":{"start":{"line":55,"column":2},"end":{"line":57,"column":171}},"12":{"start":{"line":58,"column":2},"end":{"line":58,"column":49}}},"fnMap":{"0":{"name":"render","decl":{"start":{"line":53,"column":9},"end":{"line":53,"column":15}},"loc":{"start":{"line":53,"column":30},"end":{"line":58,"column":1}},"line":53}},"branchMap":{},"s":{"0":1,"1":1,"2":1,"3":1,"4":1,"5":1,"6":1,"7":1,"8":1,"9":1,"10":5,"11":5,"12":1},"f":{"0":5},"b":{},"inputSourceMap":{"0":"{","1":"\"","2":"v","3":"e","4":"r","5":"s","6":"i","7":"o","8":"n","9":"\"","10":":","11":"3","12":",","13":"\"","14":"s","15":"o","16":"u","17":"r","18":"c","19":"e","20":"s","21":"\"","22":":","23":"[","24":"\"","25":"/","26":"U","27":"s","28":"e","29":"r","30":"s","31":"/","32":"u","33":"1","34":"1","35":"2","36":"3","37":"5","38":"4","39":"7","40":"/","41":"D","42":"e","43":"v","44":"e","45":"l","46":"o","47":"p","48":"m","49":"e","50":"n","51":"t","52":"/","53":"V","54":"u","55":"e","56":"/","57":"V","58":"u","59":"e","60":" ","61":"-","62":" ","63":"T","64":"h","65":"e","66":" ","67":"C","68":"o","69":"m","70":"p","71":"l","72":"e","73":"t","74":"e","75":" ","76":"G","77":"u","78":"i","79":"d","80":"e","81":"/","82":"T","83":"e","84":"s","85":"t","86":"i","87":"n","88":"g","89":"/","90":"j","91":"e","92":"s","93":"t","94":"/","95":"n","96":"e","97":"w","98":"_","99":"e","100":"x","101":"a","102":"m","103":"p","104":"l","105":"e","106":"_","107":"a","108":"p","109":"p","110":"/","111":"s","112":"r","113":"c","114":"/","115":"A","116":"p","117":"p","118":".","119":"v","120":"u","121":"e","122":"\"","123":"]","124":",","125":"\"","126":"n","127":"a","128":"m","129":"e","130":"s","131":"\"","132":":","133":"[","134":"]","135":",","136":"\"","137":"m","138":"a","139":"p","140":"p","141":"i","142":"n","143":"g","144":"s","145":"\"","146":":","147":"\"","148":";","149":";","150":";","151":";","152":";","153":";","154":";","155":";","156":"A","157":"A","158":"Q","159":"A","160":";","161":"A","162":"A","163":"A","164":"A","165":";","166":"A","167":"A","168":"A","169":"A","170":";","171":"A","172":"A","173":"A","174":"o","175":"D","176":";","177":"A","178":"A","179":"A","180":"A","181":",","182":"i","183":"C","184":"A","185":"E","186":"r","187":"C","188":";","189":"E","190":"A","191":"C","192":"b","193":",","194":"I","195":"A","196":"A","197":"I","198":",","199":"E","200":"A","201":"A","202":"E","203":",","204":"K","205":"A","206":"A","207":"K","208":";","209":"E","210":"A","211":"C","212":"X","213":",","214":"U","215":"A","216":"A","217":"U","218":",","219":"E","220":"A","221":"A","222":"E","223":";","224":"I","225":"A","226":"C","227":"V","228":",","229":"U","230":"A","231":"A","232":"U","233":";","234":"I","235":"A","236":"A","237":"V","238":";","239":"I","240":"A","241":"A","242":"A","243":";","244":"I","245":"A","246":"A","247":"A","248":";","249":"I","250":"A","251":"A","252":"A","253":";","254":"E","255":"A","256":"C","257":"F","258":",","259":"C","260":"A","261":"A","262":"C","263":";","264":"E","265":"A","266":"C","267":"D","268":",","269":"K","270":"A","271":"A","272":"K","273":",","274":"E","275":"A","276":"A","277":"E","278":";","279":"I","280":"A","281":"C","282":"L","283":",","284":"Q","285":"A","286":"A","287":"Q","288":",","289":"E","290":"A","291":"A","292":"E","293":";","294":"M","295":"A","296":"A","297":"C","298":",","299":"I","300":"A","301":"A","302":"I","303":",","304":"E","305":"A","306":"A","307":"E","308":";","309":"I","310":"A","311":"A","312":"M","313":";","314":"E","315":"A","316":"C","317":"z","318":"B","319":",","320":"C","321":"A","322":"A","323":"C","324":";","325":"E","326":"A","327":"C","328":"D","329":",","330":"I","331":"A","332":"A","333":"I","334":",","335":"G","336":"A","337":"A","338":"G","339":";","340":"I","341":"A","342":"C","343":"L","344":",","345":"O","346":"A","347":"A","348":"O","349":";","350":"M","351":"A","352":"C","353":"L","354":",","355":"S","356":"A","357":"A","358":"S","359":",","360":"E","361":"A","362":"A","363":"E","364":",","365":"M","366":"A","367":"A","368":"M","369":";","370":"M","371":"A","372":"C","373":"j","374":"B","375":",","376":"Q","377":"A","378":"A","379":"Q","380":",","381":"E","382":"A","383":"A","384":"E","385":";","386":"I","387":"A","388":"C","389":"Z","390":",","391":"C","392":"A","393":"A","394":"C","395":";","396":"E","397":"A","398":"C","399":"H","400":",","401":"C","402":"A","403":"A","404":"C","405":";","406":"E","407":"A","408":"C","409":"D","410":",","411":"Q","412":"A","413":"A","414":"Q","415":",","416":"E","417":"A","418":"A","419":"E","420":";","421":"I","422":"A","423":"C","424":"R","425":",","426":"Q","427":"A","428":"A","429":"Q","430":",","431":"G","432":"A","433":"A","434":"G","435":";","436":"M","437":"A","438":"C","439":"T","440":",","441":"O","442":"A","443":"A","444":"O","445":",","446":"I","447":"A","448":"A","449":"I","450":",","451":"C","452":"A","453":"A","454":"C","455":",","456":"S","457":"A","458":"A","459":"S","460":",","461":"G","462":"A","463":"A","464":"G","465":",","466":"G","467":"A","468":"A","469":"G","470":",","471":"G","472":"A","473":"A","474":"G","475":",","476":"I","477":"A","478":"A","479":"I","480":",","481":"C","482":"A","483":"A","484":"C","485":",","486":"Q","487":"A","488":"A","489":"Q","490":";","491":"I","492":"A","493":"C","494":"7","495":"C","496":";","497":"E","498":"A","499":"C","500":"F","501":";","502":"A","503":"A","504":"C","505":"F","506":",","507":"C","508":"A","509":"A","510":"C","511":"\"","512":",","513":"\"","514":"f","515":"i","516":"l","517":"e","518":"\"","519":":","520":"\"","521":"/","522":"U","523":"s","524":"e","525":"r","526":"s","527":"/","528":"u","529":"1","530":"1","531":"2","532":"3","533":"5","534":"4","535":"7","536":"/","537":"D","538":"e","539":"v","540":"e","541":"l","542":"o","543":"p","544":"m","545":"e","546":"n","547":"t","548":"/","549":"V","550":"u","551":"e","552":"/","553":"V","554":"u","555":"e","556":" ","557":"-","558":" ","559":"T","560":"h","561":"e","562":" ","563":"C","564":"o","565":"m","566":"p","567":"l","568":"e","569":"t","570":"e","571":" ","572":"G","573":"u","574":"i","575":"d","576":"e","577":"/","578":"T","579":"e","580":"s","581":"t","582":"i","583":"n","584":"g","585":"/","586":"j","587":"e","588":"s","589":"t","590":"/","591":"n","592":"e","593":"w","594":"_","595":"e","596":"x","597":"a","598":"m","599":"p","600":"l","601":"e","602":"_","603":"a","604":"p","605":"p","606":"/","607":"s","608":"r","609":"c","610":"/","611":"A","612":"p","613":"p","614":".","615":"v","616":"u","617":"e","618":"\"","619":",","620":"\"","621":"s","622":"o","623":"u","624":"r","625":"c","626":"e","627":"s","628":"C","629":"o","630":"n","631":"t","632":"e","633":"n","634":"t","635":"\"","636":":","637":"[","638":"\"","639":"<","640":"t","641":"e","642":"m","643":"p","644":"l","645":"a","646":"t","647":"e","648":">","649":"\\","650":"n","651":" ","652":" ","653":"<","654":"i","655":"m","656":"g","657":" ","658":"a","659":"l","660":"t","661":"=","662":"\\","663":"\"","664":"V","665":"u","666":"e","667":" ","668":"l","669":"o","670":"g","671":"o","672":"\\","673":"\"","674":" ","675":"s","676":"r","677":"c","678":"=","679":"\\","680":"\"","681":".","682":"/","683":"a","684":"s","685":"s","686":"e","687":"t","688":"s","689":"/","690":"l","691":"o","692":"g","693":"o","694":".","695":"p","696":"n","697":"g","698":"\\","699":"\"","700":">","701":"\\","702":"n","703":" ","704":" ","705":"<","706":"H","707":"e","708":"l","709":"l","710":"o","711":"W","712":"o","713":"r","714":"l","715":"d","716":" ","717":"m","718":"s","719":"g","720":"=","721":"\\","722":"\"","723":"W","724":"e","725":"l","726":"c","727":"o","728":"m","729":"e","730":" ","731":"t","732":"o","733":" ","734":"Y","735":"o","736":"u","737":"r","738":" ","739":"V","740":"u","741":"e","742":".","743":"j","744":"s","745":" ","746":"A","747":"p","748":"p","749":"\\","750":"\"","751":"/","752":">","753":"\\","754":"n","755":" ","756":" ","757":"{","758":"{","759":" ","760":"f","761":"u","762":"l","763":"l","764":"N","765":"a","766":"m","767":"e","768":" ","769":"}","770":"}","771":"\\","772":"n","773":" ","774":" ","775":"{","776":"{","777":" ","778":"g","779":"r","780":"e","781":"e","782":"t","783":"i","784":"n","785":"g","786":" ","787":"}","788":"}","789":"\\","790":"n","791":"<","792":"/","793":"t","794":"e","795":"m","796":"p","797":"l","798":"a","799":"t","800":"e","801":">","802":"\\","803":"n","804":"\\","805":"n","806":"<","807":"s","808":"c","809":"r","810":"i","811":"p","812":"t","813":">","814":"\\","815":"n","816":"i","817":"m","818":"p","819":"o","820":"r","821":"t","822":" ","823":"H","824":"e","825":"l","826":"l","827":"o","828":"W","829":"o","830":"r","831":"l","832":"d","833":" ","834":"f","835":"r","836":"o","837":"m","838":" ","839":"'","840":".","841":"/","842":"c","843":"o","844":"m","845":"p","846":"o","847":"n","848":"e","849":"n","850":"t","851":"s","852":"/","853":"H","854":"e","855":"l","856":"l","857":"o","858":"W","859":"o","860":"r","861":"l","862":"d","863":".","864":"v","865":"u","866":"e","867":"'","868":"\\","869":"n","870":"\\","871":"n","872":"e","873":"x","874":"p","875":"o","876":"r","877":"t","878":" ","879":"d","880":"e","881":"f","882":"a","883":"u","884":"l","885":"t","886":" ","887":"{","888":"\\","889":"n","890":" ","891":" ","892":"n","893":"a","894":"m","895":"e","896":":","897":" ","898":"'","899":"A","900":"p","901":"p","902":"'","903":",","904":"\\","905":"n","906":" ","907":" ","908":"c","909":"o","910":"m","911":"p","912":"o","913":"n","914":"e","915":"n","916":"t","917":"s","918":":","919":" ","920":"{","921":"\\","922":"n","923":" ","924":" ","925":" ","926":" ","927":"H","928":"e","929":"l","930":"l","931":"o","932":"W","933":"o","934":"r","935":"l","936":"d","937":",","938":"\\","939":"n","940":" ","941":" ","942":"}","943":",","944":"\\","945":"n","946":" ","947":" ","948":"p","949":"r","950":"o","951":"p","952":"s","953":":","954":" ","955":"{","956":"\\","957":"n","958":" ","959":" ","960":" ","961":" ","962":"g","963":"r","964":"e","965":"e","966":"t","967":"i","968":"n","969":"g","970":":","971":" ","972":"{","973":"t","974":"y","975":"p","976":"e","977":":","978":" ","979":"S","980":"t","981":"r","982":"i","983":"n","984":"g","985":"}","986":"\\","987":"n","988":" ","989":" ","990":"}","991":",","992":"\\","993":"n","994":" ","995":" ","996":"d","997":"a","998":"t","999":"a","1000":"(","1001":")","1002":" ","1003":"{","1004":"\\","1005":"n","1006":" ","1007":" ","1008":" ","1009":" ","1010":"r","1011":"e","1012":"t","1013":"u","1014":"r","1015":"n","1016":" ","1017":"{","1018":"\\","1019":"n","1020":" ","1021":" ","1022":" ","1023":" ","1024":" ","1025":" ","1026":"f","1027":"i","1028":"r","1029":"s","1030":"t","1031":"N","1032":"a","1033":"m","1034":"e","1035":":","1036":" ","1037":"'","1038":"M","1039":"a","1040":"r","1041":"k","1042":"'","1043":",","1044":"\\","1045":"n","1046":" ","1047":" ","1048":" ","1049":" ","1050":" ","1051":" ","1052":"l","1053":"a","1054":"s","1055":"t","1056":"N","1057":"a","1058":"m","1059":"e","1060":":","1061":" ","1062":"'","1063":"W","1064":"i","1065":"l","1066":"s","1067":"o","1068":"n","1069":"'","1070":"\\","1071":"n","1072":" ","1073":" ","1074":" ","1075":" ","1076":"}","1077":"\\","1078":"n","1079":" ","1080":" ","1081":"}","1082":",","1083":"\\","1084":"n","1085":" ","1086":" ","1087":"c","1088":"o","1089":"m","1090":"p","1091":"u","1092":"t","1093":"e","1094":"d","1095":":","1096":" ","1097":"{","1098":"\\","1099":"n","1100":" ","1101":" ","1102":" ","1103":" ","1104":"f","1105":"u","1106":"l","1107":"l","1108":"N","1109":"a","1110":"m","1111":"e","1112":"(","1113":")","1114":" ","1115":"{","1116":"\\","1117":"n","1118":" ","1119":" ","1120":" ","1121":" ","1122":" ","1123":" ","1124":"r","1125":"e","1126":"t","1127":"u","1128":"r","1129":"n","1130":" ","1131":"t","1132":"h","1133":"i","1134":"s","1135":".","1136":"f","1137":"i","1138":"r","1139":"s","1140":"t","1141":"N","1142":"a","1143":"m","1144":"e","1145":" ","1146":"+","1147":" ","1148":"'","1149":" ","1150":"'","1151":" ","1152":"+","1153":" ","1154":"t","1155":"h","1156":"i","1157":"s","1158":".","1159":"l","1160":"a","1161":"s","1162":"t","1163":"N","1164":"a","1165":"m","1166":"e","1167":";","1168":"\\","1169":"n","1170":" ","1171":" ","1172":" ","1173":" ","1174":"}","1175":",","1176":"\\","1177":"n","1178":" ","1179":" ","1180":"}","1181":"\\","1182":"n","1183":"}","1184":"\\","1185":"n","1186":"<","1187":"/","1188":"s","1189":"c","1190":"r","1191":"i","1192":"p","1193":"t","1194":">","1195":"\\","1196":"n","1197":"\\","1198":"n","1199":"<","1200":"s","1201":"t","1202":"y","1203":"l","1204":"e","1205":">","1206":"\\","1207":"n","1208":"#","1209":"a","1210":"p","1211":"p","1212":" ","1213":"{","1214":"\\","1215":"n","1216":" ","1217":" ","1218":"f","1219":"o","1220":"n","1221":"t","1222":"-","1223":"f","1224":"a","1225":"m","1226":"i","1227":"l","1228":"y","1229":":","1230":" ","1231":"A","1232":"v","1233":"e","1234":"n","1235":"i","1236":"r","1237":",","1238":" ","1239":"H","1240":"e","1241":"l","1242":"v","1243":"e","1244":"t","1245":"i","1246":"c","1247":"a","1248":",","1249":" ","1250":"A","1251":"r","1252":"i","1253":"a","1254":"l","1255":",","1256":" ","1257":"s","1258":"a","1259":"n","1260":"s","1261":"-","1262":"s","1263":"e","1264":"r","1265":"i","1266":"f","1267":";","1268":"\\","1269":"n","1270":" ","1271":" ","1272":"-","1273":"w","1274":"e","1275":"b","1276":"k","1277":"i","1278":"t","1279":"-","1280":"f","1281":"o","1282":"n","1283":"t","1284":"-","1285":"s","1286":"m","1287":"o","1288":"o","1289":"t","1290":"h","1291":"i","1292":"n","1293":"g","1294":":","1295":" ","1296":"a","1297":"n","1298":"t","1299":"i","1300":"a","1301":"l","1302":"i","1303":"a","1304":"s","1305":"e","1306":"d","1307":";","1308":"\\","1309":"n","1310":" ","1311":" ","1312":"-","1313":"m","1314":"o","1315":"z","1316":"-","1317":"o","1318":"s","1319":"x","1320":"-","1321":"f","1322":"o","1323":"n","1324":"t","1325":"-","1326":"s","1327":"m","1328":"o","1329":"o","1330":"t","1331":"h","1332":"i","1333":"n","1334":"g","1335":":","1336":" ","1337":"g","1338":"r","1339":"a","1340":"y","1341":"s","1342":"c","1343":"a","1344":"l","1345":"e","1346":";","1347":"\\","1348":"n","1349":" ","1350":" ","1351":"t","1352":"e","1353":"x","1354":"t","1355":"-","1356":"a","1357":"l","1358":"i","1359":"g","1360":"n","1361":":","1362":" ","1363":"c","1364":"e","1365":"n","1366":"t","1367":"e","1368":"r","1369":";","1370":"\\","1371":"n","1372":" ","1373":" ","1374":"c","1375":"o","1376":"l","1377":"o","1378":"r","1379":":","1380":" ","1381":"#","1382":"2","1383":"c","1384":"3","1385":"e","1386":"5","1387":"0","1388":";","1389":"\\","1390":"n","1391":" ","1392":" ","1393":"m","1394":"a","1395":"r","1396":"g","1397":"i","1398":"n","1399":"-","1400":"t","1401":"o","1402":"p","1403":":","1404":" ","1405":"6","1406":"0","1407":"p","1408":"x","1409":";","1410":"\\","1411":"n","1412":"}","1413":"\\","1414":"n","1415":"<","1416":"/","1417":"s","1418":"t","1419":"y","1420":"l","1421":"e","1422":">","1423":"\\","1424":"n","1425":"\"","1426":"]","1427":"}"},"_coverageSchema":"1a1c01bbd47fc00a2c39e90264f33305004495a9","hash":"3449a38fca5dd885d0a3728880aec54631ae60c2"}
,"/Users/u1123547/Development/Vue/Vue - The Complete Guide/Testing/jest/new_example_app/src/assets/logo.png": {"path":"/Users/u1123547/Development/Vue/Vue - The Complete Guide/Testing/jest/new_example_app/src/assets/logo.png","statementMap":{"0":{"start":{"line":1,"column":0},"end":{"line":1,"column":19}}},"fnMap":{},"branchMap":{},"s":{"0":1},"f":{},"b":{},"_coverageSchema":"1a1c01bbd47fc00a2c39e90264f33305004495a9","hash":"f187fe91fee10fe766a1d9828daf11b4bfacb20d"}
,"/Users/u1123547/Development/Vue/Vue - The Complete Guide/Testing/jest/new_example_app/src/components/GreetingMessage.vue": {"path":"/Users/u1123547/Development/Vue/Vue - The Complete Guide/Testing/jest/new_example_app/src/components/GreetingMessage.vue","statementMap":{"0":{"start":{"line":4,"column":0},"end":{"line":6,"column":3}},"1":{"start":{"line":7,"column":0},"end":{"line":7,"column":25}},"2":{"start":{"line":8,"column":15},"end":{"line":10,"column":1}},"3":{"start":{"line":11,"column":0},"end":{"line":11,"column":13}},"4":{"start":{"line":13,"column":0},"end":{"line":15,"column":3}},"5":{"start":{"line":16,"column":0},"end":{"line":16,"column":24}},"6":{"start":{"line":17,"column":11},"end":{"line":17,"column":25}},"7":{"start":{"line":19,"column":2},"end":{"line":19,"column":87}},"8":{"start":{"line":20,"column":2},"end":{"line":20,"column":49}}},"fnMap":{"0":{"name":"render","decl":{"start":{"line":18,"column":9},"end":{"line":18,"column":15}},"loc":{"start":{"line":18,"column":30},"end":{"line":20,"column":1}},"line":18}},"branchMap":{},"s":{"0":1,"1":1,"2":1,"3":1,"4":1,"5":1,"6":1,"7":5,"8":1},"f":{"0":5},"b":{},"inputSourceMap":{"0":"{","1":"\"","2":"v","3":"e","4":"r","5":"s","6":"i","7":"o","8":"n","9":"\"","10":":","11":"3","12":",","13":"\"","14":"s","15":"o","16":"u","17":"r","18":"c","19":"e","20":"s","21":"\"","22":":","23":"[","24":"\"","25":"/","26":"U","27":"s","28":"e","29":"r","30":"s","31":"/","32":"u","33":"1","34":"1","35":"2","36":"3","37":"5","38":"4","39":"7","40":"/","41":"D","42":"e","43":"v","44":"e","45":"l","46":"o","47":"p","48":"m","49":"e","50":"n","51":"t","52":"/","53":"V","54":"u","55":"e","56":"/","57":"V","58":"u","59":"e","60":" ","61":"-","62":" ","63":"T","64":"h","65":"e","66":" ","67":"C","68":"o","69":"m","70":"p","71":"l","72":"e","73":"t","74":"e","75":" ","76":"G","77":"u","78":"i","79":"d","80":"e","81":"/","82":"T","83":"e","84":"s","85":"t","86":"i","87":"n","88":"g","89":"/","90":"j","91":"e","92":"s","93":"t","94":"/","95":"n","96":"e","97":"w","98":"_","99":"e","100":"x","101":"a","102":"m","103":"p","104":"l","105":"e","106":"_","107":"a","108":"p","109":"p","110":"/","111":"s","112":"r","113":"c","114":"/","115":"c","116":"o","117":"m","118":"p","119":"o","120":"n","121":"e","122":"n","123":"t","124":"s","125":"/","126":"G","127":"r","128":"e","129":"e","130":"t","131":"i","132":"n","133":"g","134":"M","135":"e","136":"s","137":"s","138":"a","139":"g","140":"e","141":".","142":"v","143":"u","144":"e","145":"\"","146":"]","147":",","148":"\"","149":"n","150":"a","151":"m","152":"e","153":"s","154":"\"","155":":","156":"[","157":"]","158":",","159":"\"","160":"m","161":"a","162":"p","163":"p","164":"i","165":"n","166":"g","167":"s","168":"\"","169":":","170":"\"","171":";","172":";","173":";","174":";","175":";","176":";","177":";","178":"i","179":"C","180":"A","181":"M","182":"e","183":";","184":"E","185":"A","186":"C","187":"b","188":",","189":"I","190":"A","191":"A","192":"I","193":",","194":"E","195":"A","196":"A","197":"E","198":";","199":"A","200":"A","201":"C","202":"R","203":",","204":"C","205":"A","206":"A","207":"C","208":"\"","209":",","210":"\"","211":"f","212":"i","213":"l","214":"e","215":"\"","216":":","217":"\"","218":"/","219":"U","220":"s","221":"e","222":"r","223":"s","224":"/","225":"u","226":"1","227":"1","228":"2","229":"3","230":"5","231":"4","232":"7","233":"/","234":"D","235":"e","236":"v","237":"e","238":"l","239":"o","240":"p","241":"m","242":"e","243":"n","244":"t","245":"/","246":"V","247":"u","248":"e","249":"/","250":"V","251":"u","252":"e","253":" ","254":"-","255":" ","256":"T","257":"h","258":"e","259":" ","260":"C","261":"o","262":"m","263":"p","264":"l","265":"e","266":"t","267":"e","268":" ","269":"G","270":"u","271":"i","272":"d","273":"e","274":"/","275":"T","276":"e","277":"s","278":"t","279":"i","280":"n","281":"g","282":"/","283":"j","284":"e","285":"s","286":"t","287":"/","288":"n","289":"e","290":"w","291":"_","292":"e","293":"x","294":"a","295":"m","296":"p","297":"l","298":"e","299":"_","300":"a","301":"p","302":"p","303":"/","304":"s","305":"r","306":"c","307":"/","308":"c","309":"o","310":"m","311":"p","312":"o","313":"n","314":"e","315":"n","316":"t","317":"s","318":"/","319":"G","320":"r","321":"e","322":"e","323":"t","324":"i","325":"n","326":"g","327":"M","328":"e","329":"s","330":"s","331":"a","332":"g","333":"e","334":".","335":"v","336":"u","337":"e","338":"\"","339":",","340":"\"","341":"s","342":"o","343":"u","344":"r","345":"c","346":"e","347":"s","348":"C","349":"o","350":"n","351":"t","352":"e","353":"n","354":"t","355":"\"","356":":","357":"[","358":"\"","359":"<","360":"t","361":"e","362":"m","363":"p","364":"l","365":"a","366":"t","367":"e","368":">","369":"\\","370":"n","371":" ","372":" ","373":" ","374":" ","375":"<","376":"p","377":">","378":"H","379":"e","380":"l","381":"l","382":"o","383":" ","384":"W","385":"o","386":"r","387":"l","388":"d","389":"<","390":"/","391":"p","392":">","393":"\\","394":"n","395":"<","396":"/","397":"t","398":"e","399":"m","400":"p","401":"l","402":"a","403":"t","404":"e","405":">","406":"\\","407":"n","408":"\\","409":"n","410":"<","411":"s","412":"c","413":"r","414":"i","415":"p","416":"t","417":">","418":"\\","419":"n","420":"\\","421":"n","422":"e","423":"x","424":"p","425":"o","426":"r","427":"t","428":" ","429":"d","430":"e","431":"f","432":"a","433":"u","434":"l","435":"t","436":" ","437":"{","438":"\\","439":"n","440":" ","441":" ","442":"n","443":"a","444":"m","445":"e","446":":","447":" ","448":"'","449":"G","450":"r","451":"e","452":"e","453":"t","454":"i","455":"n","456":"g","457":"M","458":"e","459":"s","460":"s","461":"a","462":"g","463":"e","464":"'","465":"\\","466":"n","467":"}","468":"\\","469":"n","470":"\\","471":"n","472":"<","473":"/","474":"s","475":"c","476":"r","477":"i","478":"p","479":"t","480":">","481":"\"","482":"]","483":"}"},"_coverageSchema":"1a1c01bbd47fc00a2c39e90264f33305004495a9","hash":"2cf5716f46d63b9d17327aa74e7543dfd21a2c33"}
,"/Users/u1123547/Development/Vue/Vue - The Complete Guide/Testing/jest/new_example_app/src/components/HelloWorld.vue": {"path":"/Users/u1123547/Development/Vue/Vue - The Complete Guide/Testing/jest/new_example_app/src/components/HelloWorld.vue","statementMap":{"0":{"start":{"line":4,"column":29},"end":{"line":4,"column":194}},"1":{"start":{"line":5,"column":0},"end":{"line":7,"column":3}},"2":{"start":{"line":8,"column":0},"end":{"line":8,"column":25}},"3":{"start":{"line":26,"column":0},"end":{"line":26,"column":13}},"4":{"start":{"line":28,"column":0},"end":{"line":30,"column":3}},"5":{"start":{"line":31,"column":0},"end":{"line":31,"column":24}},"6":{"start":{"line":32,"column":11},"end":{"line":32,"column":25}},"7":{"start":{"line":33,"column":19},"end":{"line":35,"column":1}},"8":{"start":{"line":36,"column":32},"end":{"line":36,"column":1769}},"9":{"start":{"line":38,"column":37},"end":{"line":38,"column":82}},"10":{"start":{"line":39,"column":2},"end":{"line":39,"column":317}},"11":{"start":{"line":40,"column":2},"end":{"line":40,"column":49}}},"fnMap":{"0":{"name":"render","decl":{"start":{"line":37,"column":9},"end":{"line":37,"column":15}},"loc":{"start":{"line":37,"column":30},"end":{"line":40,"column":1}},"line":37}},"branchMap":{},"s":{"0":1,"1":1,"2":1,"3":1,"4":1,"5":1,"6":1,"7":1,"8":1,"9":6,"10":6,"11":1},"f":{"0":6},"b":{},"inputSourceMap":{"0":"{","1":"\"","2":"v","3":"e","4":"r","5":"s","6":"i","7":"o","8":"n","9":"\"","10":":","11":"3","12":",","13":"\"","14":"s","15":"o","16":"u","17":"r","18":"c","19":"e","20":"s","21":"\"","22":":","23":"[","24":"\"","25":"/","26":"U","27":"s","28":"e","29":"r","30":"s","31":"/","32":"u","33":"1","34":"1","35":"2","36":"3","37":"5","38":"4","39":"7","40":"/","41":"D","42":"e","43":"v","44":"e","45":"l","46":"o","47":"p","48":"m","49":"e","50":"n","51":"t","52":"/","53":"V","54":"u","55":"e","56":"/","57":"V","58":"u","59":"e","60":" ","61":"-","62":" ","63":"T","64":"h","65":"e","66":" ","67":"C","68":"o","69":"m","70":"p","71":"l","72":"e","73":"t","74":"e","75":" ","76":"G","77":"u","78":"i","79":"d","80":"e","81":"/","82":"T","83":"e","84":"s","85":"t","86":"i","87":"n","88":"g","89":"/","90":"j","91":"e","92":"s","93":"t","94":"/","95":"n","96":"e","97":"w","98":"_","99":"e","100":"x","101":"a","102":"m","103":"p","104":"l","105":"e","106":"_","107":"a","108":"p","109":"p","110":"/","111":"s","112":"r","113":"c","114":"/","115":"c","116":"o","117":"m","118":"p","119":"o","120":"n","121":"e","122":"n","123":"t","124":"s","125":"/","126":"H","127":"e","128":"l","129":"l","130":"o","131":"W","132":"o","133":"r","134":"l","135":"d","136":".","137":"v","138":"u","139":"e","140":"\"","141":"]","142":",","143":"\"","144":"n","145":"a","146":"m","147":"e","148":"s","149":"\"","150":":","151":"[","152":"]","153":",","154":"\"","155":"m","156":"a","157":"p","158":"p","159":"i","160":"n","161":"g","162":"s","163":"\"","164":":","165":"\"","166":";","167":";","168":";","169":";","170":";","171":";","172":";","173":";","174":"A","175":"A","176":"o","177":"C","178":"A","179":";","180":"A","181":"A","182":"A","183":"A","184":";","185":"A","186":"A","187":"A","188":"A","189":";","190":"A","191":"A","192":"A","193":"o","194":"D","195":";","196":"A","197":"A","198":"A","199":"A","200":",","201":"i","202":"C","203":"A","204":"E","205":"r","206":"C","207":";","208":"E","209":"A","210":"C","211":"b","212":",","213":"I","214":"A","215":"A","216":"I","217":",","218":"E","219":"A","220":"A","221":"E","222":",","223":"Y","224":"A","225":"A","226":"Y","227":";","228":"E","229":"A","230":"C","231":"l","232":"B","233":",","234":"U","235":"A","236":"A","237":"U","238":",","239":"E","240":"A","241":"A","242":"E","243":";","244":"I","245":"A","246":"A","247":"C","248":",","249":"e","250":"A","251":"A","252":"e","253":";","254":"I","255":"A","256":"A","257":"f","258":";","259":"I","260":"A","261":"A","262":"A","263":";","264":"I","265":"A","266":"A","267":"A","268":";","269":"I","270":"A","271":"A","272":"A","273":";","274":"E","275":"A","276":"A","277":"e","278":",","279":"C","280":"A","281":"A","282":"C","283":";","284":"E","285":"A","286":"C","287":"7","288":"B","289":",","290":"K","291":"A","292":"A","293":"K","294":",","295":"E","296":"A","297":"A","298":"E","299":";","300":"I","301":"A","302":"C","303":"L","304":",","305":"G","306":"A","307":"A","308":"G","309":",","310":"E","311":"A","312":"A","313":"E","314":";","315":"E","316":"A","317":"C","318":"P","319":";","320":"A","321":"A","322":"C","323":"F","324":",","325":"C","326":"A","327":"A","328":"C","329":"\"","330":",","331":"\"","332":"f","333":"i","334":"l","335":"e","336":"\"","337":":","338":"\"","339":"/","340":"U","341":"s","342":"e","343":"r","344":"s","345":"/","346":"u","347":"1","348":"1","349":"2","350":"3","351":"5","352":"4","353":"7","354":"/","355":"D","356":"e","357":"v","358":"e","359":"l","360":"o","361":"p","362":"m","363":"e","364":"n","365":"t","366":"/","367":"V","368":"u","369":"e","370":"/","371":"V","372":"u","373":"e","374":" ","375":"-","376":" ","377":"T","378":"h","379":"e","380":" ","381":"C","382":"o","383":"m","384":"p","385":"l","386":"e","387":"t","388":"e","389":" ","390":"G","391":"u","392":"i","393":"d","394":"e","395":"/","396":"T","397":"e","398":"s","399":"t","400":"i","401":"n","402":"g","403":"/","404":"j","405":"e","406":"s","407":"t","408":"/","409":"n","410":"e","411":"w","412":"_","413":"e","414":"x","415":"a","416":"m","417":"p","418":"l","419":"e","420":"_","421":"a","422":"p","423":"p","424":"/","425":"s","426":"r","427":"c","428":"/","429":"c","430":"o","431":"m","432":"p","433":"o","434":"n","435":"e","436":"n","437":"t","438":"s","439":"/","440":"H","441":"e","442":"l","443":"l","444":"o","445":"W","446":"o","447":"r","448":"l","449":"d","450":".","451":"v","452":"u","453":"e","454":"\"","455":",","456":"\"","457":"s","458":"o","459":"u","460":"r","461":"c","462":"e","463":"s","464":"C","465":"o","466":"n","467":"t","468":"e","469":"n","470":"t","471":"\"","472":":","473":"[","474":"\"","475":"<","476":"t","477":"e","478":"m","479":"p","480":"l","481":"a","482":"t","483":"e","484":">","485":"\\","486":"n","487":" ","488":" ","489":"<","490":"d","491":"i","492":"v","493":" ","494":"c","495":"l","496":"a","497":"s","498":"s","499":"=","500":"\\","501":"\"","502":"h","503":"e","504":"l","505":"l","506":"o","507":"\\","508":"\"","509":">","510":"\\","511":"n","512":" ","513":" ","514":" ","515":" ","516":"<","517":"h","518":"1","519":">","520":"{","521":"{","522":" ","523":"m","524":"s","525":"g","526":" ","527":"}","528":"}","529":"<","530":"/","531":"h","532":"1","533":">","534":"\\","535":"n","536":" ","537":" ","538":" ","539":" ","540":"<","541":"p","542":">","543":"\\","544":"n","545":" ","546":" ","547":" ","548":" ","549":" ","550":" ","551":"F","552":"o","553":"r","554":" ","555":"a","556":" ","557":"g","558":"u","559":"i","560":"d","561":"e","562":" ","563":"a","564":"n","565":"d","566":" ","567":"r","568":"e","569":"c","570":"i","571":"p","572":"e","573":"s","574":" ","575":"o","576":"n","577":" ","578":"h","579":"o","580":"w","581":" ","582":"t","583":"o","584":" ","585":"c","586":"o","587":"n","588":"f","589":"i","590":"g","591":"u","592":"r","593":"e","594":" ","595":"/","596":" ","597":"c","598":"u","599":"s","600":"t","601":"o","602":"m","603":"i","604":"z","605":"e","606":" ","607":"t","608":"h","609":"i","610":"s","611":" ","612":"p","613":"r","614":"o","615":"j","616":"e","617":"c","618":"t","619":",","620":"<","621":"b","622":"r","623":">","624":"\\","625":"n","626":" ","627":" ","628":" ","629":" ","630":" ","631":" ","632":"c","633":"h","634":"e","635":"c","636":"k","637":" ","638":"o","639":"u","640":"t","641":" ","642":"t","643":"h","644":"e","645":"\\","646":"n","647":" ","648":" ","649":" ","650":" ","651":" ","652":" ","653":"<","654":"a","655":" ","656":"h","657":"r","658":"e","659":"f","660":"=","661":"\\","662":"\"","663":"h","664":"t","665":"t","666":"p","667":"s","668":":","669":"/","670":"/","671":"c","672":"l","673":"i","674":".","675":"v","676":"u","677":"e","678":"j","679":"s","680":".","681":"o","682":"r","683":"g","684":"\\","685":"\"","686":" ","687":"t","688":"a","689":"r","690":"g","691":"e","692":"t","693":"=","694":"\\","695":"\"","696":"_","697":"b","698":"l","699":"a","700":"n","701":"k","702":"\\","703":"\"","704":" ","705":"r","706":"e","707":"l","708":"=","709":"\\","710":"\"","711":"n","712":"o","713":"o","714":"p","715":"e","716":"n","717":"e","718":"r","719":"\\","720":"\"","721":">","722":"v","723":"u","724":"e","725":"-","726":"c","727":"l","728":"i","729":" ","730":"d","731":"o","732":"c","733":"u","734":"m","735":"e","736":"n","737":"t","738":"a","739":"t","740":"i","741":"o","742":"n","743":"<","744":"/","745":"a","746":">","747":".","748":"\\","749":"n","750":" ","751":" ","752":" ","753":" ","754":"<","755":"/","756":"p","757":">","758":"\\","759":"n","760":" ","761":" ","762":" ","763":" ","764":"<","765":"h","766":"3","767":">","768":"I","769":"n","770":"s","771":"t","772":"a","773":"l","774":"l","775":"e","776":"d","777":" ","778":"C","779":"L","780":"I","781":" ","782":"P","783":"l","784":"u","785":"g","786":"i","787":"n","788":"s","789":"<","790":"/","791":"h","792":"3","793":">","794":"\\","795":"n","796":" ","797":" ","798":" ","799":" ","800":"<","801":"u","802":"l","803":">","804":"\\","805":"n","806":" ","807":" ","808":" ","809":" ","810":" ","811":" ","812":"<","813":"l","814":"i","815":">","816":"<","817":"a","818":" ","819":"h","820":"r","821":"e","822":"f","823":"=","824":"\\","825":"\"","826":"h","827":"t","828":"t","829":"p","830":"s","831":":","832":"/","833":"/","834":"g","835":"i","836":"t","837":"h","838":"u","839":"b","840":".","841":"c","842":"o","843":"m","844":"/","845":"v","846":"u","847":"e","848":"j","849":"s","850":"/","851":"v","852":"u","853":"e","854":"-","855":"c","856":"l","857":"i","858":"/","859":"t","860":"r","861":"e","862":"e","863":"/","864":"d","865":"e","866":"v","867":"/","868":"p","869":"a","870":"c","871":"k","872":"a","873":"g","874":"e","875":"s","876":"/","877":"%","878":"4","879":"0","880":"v","881":"u","882":"e","883":"/","884":"c","885":"l","886":"i","887":"-","888":"p","889":"l","890":"u","891":"g","892":"i","893":"n","894":"-","895":"b","896":"a","897":"b","898":"e","899":"l","900":"\\","901":"\"","902":" ","903":"t","904":"a","905":"r","906":"g","907":"e","908":"t","909":"=","910":"\\","911":"\"","912":"_","913":"b","914":"l","915":"a","916":"n","917":"k","918":"\\","919":"\"","920":" ","921":"r","922":"e","923":"l","924":"=","925":"\\","926":"\"","927":"n","928":"o","929":"o","930":"p","931":"e","932":"n","933":"e","934":"r","935":"\\","936":"\"","937":">","938":"b","939":"a","940":"b","941":"e","942":"l","943":"<","944":"/","945":"a","946":">","947":"<","948":"/","949":"l","950":"i","951":">","952":"\\","953":"n","954":" ","955":" ","956":" ","957":" ","958":" ","959":" ","960":"<","961":"l","962":"i","963":">","964":"<","965":"a","966":" ","967":"h","968":"r","969":"e","970":"f","971":"=","972":"\\","973":"\"","974":"h","975":"t","976":"t","977":"p","978":"s","979":":","980":"/","981":"/","982":"g","983":"i","984":"t","985":"h","986":"u","987":"b","988":".","989":"c","990":"o","991":"m","992":"/","993":"v","994":"u","995":"e","996":"j","997":"s","998":"/","999":"v","1000":"u","1001":"e","1002":"-","1003":"c","1004":"l","1005":"i","1006":"/","1007":"t","1008":"r","1009":"e","1010":"e","1011":"/","1012":"d","1013":"e","1014":"v","1015":"/","1016":"p","1017":"a","1018":"c","1019":"k","1020":"a","1021":"g","1022":"e","1023":"s","1024":"/","1025":"%","1026":"4","1027":"0","1028":"v","1029":"u","1030":"e","1031":"/","1032":"c","1033":"l","1034":"i","1035":"-","1036":"p","1037":"l","1038":"u","1039":"g","1040":"i","1041":"n","1042":"-","1043":"e","1044":"s","1045":"l","1046":"i","1047":"n","1048":"t","1049":"\\","1050":"\"","1051":" ","1052":"t","1053":"a","1054":"r","1055":"g","1056":"e","1057":"t","1058":"=","1059":"\\","1060":"\"","1061":"_","1062":"b","1063":"l","1064":"a","1065":"n","1066":"k","1067":"\\","1068":"\"","1069":" ","1070":"r","1071":"e","1072":"l","1073":"=","1074":"\\","1075":"\"","1076":"n","1077":"o","1078":"o","1079":"p","1080":"e","1081":"n","1082":"e","1083":"r","1084":"\\","1085":"\"","1086":">","1087":"e","1088":"s","1089":"l","1090":"i","1091":"n","1092":"t","1093":"<","1094":"/","1095":"a","1096":">","1097":"<","1098":"/","1099":"l","1100":"i","1101":">","1102":"\\","1103":"n","1104":" ","1105":" ","1106":" ","1107":" ","1108":" ","1109":" ","1110":"<","1111":"l","1112":"i","1113":">","1114":"<","1115":"a","1116":" ","1117":"h","1118":"r","1119":"e","1120":"f","1121":"=","1122":"\\","1123":"\"","1124":"h","1125":"t","1126":"t","1127":"p","1128":"s","1129":":","1130":"/","1131":"/","1132":"g","1133":"i","1134":"t","1135":"h","1136":"u","1137":"b","1138":".","1139":"c","1140":"o","1141":"m","1142":"/","1143":"v","1144":"u","1145":"e","1146":"j","1147":"s","1148":"/","1149":"v","1150":"u","1151":"e","1152":"-","1153":"c","1154":"l","1155":"i","1156":"/","1157":"t","1158":"r","1159":"e","1160":"e","1161":"/","1162":"d","1163":"e","1164":"v","1165":"/","1166":"p","1167":"a","1168":"c","1169":"k","1170":"a","1171":"g","1172":"e","1173":"s","1174":"/","1175":"%","1176":"4","1177":"0","1178":"v","1179":"u","1180":"e","1181":"/","1182":"c","1183":"l","1184":"i","1185":"-","1186":"p","1187":"l","1188":"u","1189":"g","1190":"i","1191":"n","1192":"-","1193":"u","1194":"n","1195":"i","1196":"t","1197":"-","1198":"j","1199":"e","1200":"s","1201":"t","1202":"\\","1203":"\"","1204":" ","1205":"t","1206":"a","1207":"r","1208":"g","1209":"e","1210":"t","1211":"=","1212":"\\","1213":"\"","1214":"_","1215":"b","1216":"l","1217":"a","1218":"n","1219":"k","1220":"\\","1221":"\"","1222":" ","1223":"r","1224":"e","1225":"l","1226":"=","1227":"\\","1228":"\"","1229":"n","1230":"o","1231":"o","1232":"p","1233":"e","1234":"n","1235":"e","1236":"r","1237":"\\","1238":"\"","1239":">","1240":"u","1241":"n","1242":"i","1243":"t","1244":"-","1245":"j","1246":"e","1247":"s","1248":"t","1249":"<","1250":"/","1251":"a","1252":">","1253":"<","1254":"/","1255":"l","1256":"i","1257":">","1258":"\\","1259":"n","1260":" ","1261":" ","1262":" ","1263":" ","1264":"<","1265":"/","1266":"u","1267":"l","1268":">","1269":"\\","1270":"n","1271":" ","1272":" ","1273":" ","1274":" ","1275":"<","1276":"h","1277":"3","1278":">","1279":"E","1280":"s","1281":"s","1282":"e","1283":"n","1284":"t","1285":"i","1286":"a","1287":"l","1288":" ","1289":"L","1290":"i","1291":"n","1292":"k","1293":"s","1294":"<","1295":"/","1296":"h","1297":"3","1298":">","1299":"\\","1300":"n","1301":" ","1302":" ","1303":" ","1304":" ","1305":"<","1306":"u","1307":"l","1308":">","1309":"\\","1310":"n","1311":" ","1312":" ","1313":" ","1314":" ","1315":" ","1316":" ","1317":"<","1318":"l","1319":"i","1320":">","1321":"<","1322":"a","1323":" ","1324":"h","1325":"r","1326":"e","1327":"f","1328":"=","1329":"\\","1330":"\"","1331":"h","1332":"t","1333":"t","1334":"p","1335":"s","1336":":","1337":"/","1338":"/","1339":"v","1340":"u","1341":"e","1342":"j","1343":"s","1344":".","1345":"o","1346":"r","1347":"g","1348":"\\","1349":"\"","1350":" ","1351":"t","1352":"a","1353":"r","1354":"g","1355":"e","1356":"t","1357":"=","1358":"\\","1359":"\"","1360":"_","1361":"b","1362":"l","1363":"a","1364":"n","1365":"k","1366":"\\","1367":"\"","1368":" ","1369":"r","1370":"e","1371":"l","1372":"=","1373":"\\","1374":"\"","1375":"n","1376":"o","1377":"o","1378":"p","1379":"e","1380":"n","1381":"e","1382":"r","1383":"\\","1384":"\"","1385":">","1386":"C","1387":"o","1388":"r","1389":"e","1390":" ","1391":"D","1392":"o","1393":"c","1394":"s","1395":"<","1396":"/","1397":"a","1398":">","1399":"<","1400":"/","1401":"l","1402":"i","1403":">","1404":"\\","1405":"n","1406":" ","1407":" ","1408":" ","1409":" ","1410":" ","1411":" ","1412":"<","1413":"l","1414":"i","1415":">","1416":"<","1417":"a","1418":" ","1419":"h","1420":"r","1421":"e","1422":"f","1423":"=","1424":"\\","1425":"\"","1426":"h","1427":"t","1428":"t","1429":"p","1430":"s","1431":":","1432":"/","1433":"/","1434":"f","1435":"o","1436":"r","1437":"u","1438":"m","1439":".","1440":"v","1441":"u","1442":"e","1443":"j","1444":"s","1445":".","1446":"o","1447":"r","1448":"g","1449":"\\","1450":"\"","1451":" ","1452":"t","1453":"a","1454":"r","1455":"g","1456":"e","1457":"t","1458":"=","1459":"\\","1460":"\"","1461":"_","1462":"b","1463":"l","1464":"a","1465":"n","1466":"k","1467":"\\","1468":"\"","1469":" ","1470":"r","1471":"e","1472":"l","1473":"=","1474":"\\","1475":"\"","1476":"n","1477":"o","1478":"o","1479":"p","1480":"e","1481":"n","1482":"e","1483":"r","1484":"\\","1485":"\"","1486":">","1487":"F","1488":"o","1489":"r","1490":"u","1491":"m","1492":"<","1493":"/","1494":"a","1495":">","1496":"<","1497":"/","1498":"l","1499":"i","1500":">","1501":"\\","1502":"n","1503":" ","1504":" ","1505":" ","1506":" ","1507":" ","1508":" ","1509":"<","1510":"l","1511":"i","1512":">","1513":"<","1514":"a","1515":" ","1516":"h","1517":"r","1518":"e","1519":"f","1520":"=","1521":"\\","1522":"\"","1523":"h","1524":"t","1525":"t","1526":"p","1527":"s","1528":":","1529":"/","1530":"/","1531":"c","1532":"h","1533":"a","1534":"t","1535":".","1536":"v","1537":"u","1538":"e","1539":"j","1540":"s","1541":".","1542":"o","1543":"r","1544":"g","1545":"\\","1546":"\"","1547":" ","1548":"t","1549":"a","1550":"r","1551":"g","1552":"e","1553":"t","1554":"=","1555":"\\","1556":"\"","1557":"_","1558":"b","1559":"l","1560":"a","1561":"n","1562":"k","1563":"\\","1564":"\"","1565":" ","1566":"r","1567":"e","1568":"l","1569":"=","1570":"\\","1571":"\"","1572":"n","1573":"o","1574":"o","1575":"p","1576":"e","1577":"n","1578":"e","1579":"r","1580":"\\","1581":"\"","1582":">","1583":"C","1584":"o","1585":"m","1586":"m","1587":"u","1588":"n","1589":"i","1590":"t","1591":"y","1592":" ","1593":"C","1594":"h","1595":"a","1596":"t","1597":"<","1598":"/","1599":"a","1600":">","1601":"<","1602":"/","1603":"l","1604":"i","1605":">","1606":"\\","1607":"n","1608":" ","1609":" ","1610":" ","1611":" ","1612":" ","1613":" ","1614":"<","1615":"l","1616":"i","1617":">","1618":"<","1619":"a","1620":" ","1621":"h","1622":"r","1623":"e","1624":"f","1625":"=","1626":"\\","1627":"\"","1628":"h","1629":"t","1630":"t","1631":"p","1632":"s","1633":":","1634":"/","1635":"/","1636":"t","1637":"w","1638":"i","1639":"t","1640":"t","1641":"e","1642":"r","1643":".","1644":"c","1645":"o","1646":"m","1647":"/","1648":"v","1649":"u","1650":"e","1651":"j","1652":"s","1653":"\\","1654":"\"","1655":" ","1656":"t","1657":"a","1658":"r","1659":"g","1660":"e","1661":"t","1662":"=","1663":"\\","1664":"\"","1665":"_","1666":"b","1667":"l","1668":"a","1669":"n","1670":"k","1671":"\\","1672":"\"","1673":" ","1674":"r","1675":"e","1676":"l","1677":"=","1678":"\\","1679":"\"","1680":"n","1681":"o","1682":"o","1683":"p","1684":"e","1685":"n","1686":"e","1687":"r","1688":"\\","1689":"\"","1690":">","1691":"T","1692":"w","1693":"i","1694":"t","1695":"t","1696":"e","1697":"r","1698":"<","1699":"/","1700":"a","1701":">","1702":"<","1703":"/","1704":"l","1705":"i","1706":">","1707":"\\","1708":"n","1709":" ","1710":" ","1711":" ","1712":" ","1713":" ","1714":" ","1715":"<","1716":"l","1717":"i","1718":">","1719":"<","1720":"a","1721":" ","1722":"h","1723":"r","1724":"e","1725":"f","1726":"=","1727":"\\","1728":"\"","1729":"h","1730":"t","1731":"t","1732":"p","1733":"s","1734":":","1735":"/","1736":"/","1737":"n","1738":"e","1739":"w","1740":"s","1741":".","1742":"v","1743":"u","1744":"e","1745":"j","1746":"s","1747":".","1748":"o","1749":"r","1750":"g","1751":"\\","1752":"\"","1753":" ","1754":"t","1755":"a","1756":"r","1757":"g","1758":"e","1759":"t","1760":"=","1761":"\\","1762":"\"","1763":"_","1764":"b","1765":"l","1766":"a","1767":"n","1768":"k","1769":"\\","1770":"\"","1771":" ","1772":"r","1773":"e","1774":"l","1775":"=","1776":"\\","1777":"\"","1778":"n","1779":"o","1780":"o","1781":"p","1782":"e","1783":"n","1784":"e","1785":"r","1786":"\\","1787":"\"","1788":">","1789":"N","1790":"e","1791":"w","1792":"s","1793":"<","1794":"/","1795":"a","1796":">","1797":"<","1798":"/","1799":"l","1800":"i","1801":">","1802":"\\","1803":"n","1804":" ","1805":" ","1806":" ","1807":" ","1808":"<","1809":"/","1810":"u","1811":"l","1812":">","1813":"\\","1814":"n","1815":" ","1816":" ","1817":" ","1818":" ","1819":"<","1820":"h","1821":"3","1822":">","1823":"E","1824":"c","1825":"o","1826":"s","1827":"y","1828":"s","1829":"t","1830":"e","1831":"m","1832":"<","1833":"/","1834":"h","1835":"3","1836":">","1837":"\\","1838":"n","1839":" ","1840":" ","1841":" ","1842":" ","1843":"<","1844":"u","1845":"l","1846":">","1847":"\\","1848":"n","1849":" ","1850":" ","1851":" ","1852":" ","1853":" ","1854":" ","1855":"<","1856":"l","1857":"i","1858":">","1859":"<","1860":"a","1861":" ","1862":"h","1863":"r","1864":"e","1865":"f","1866":"=","1867":"\\","1868":"\"","1869":"h","1870":"t","1871":"t","1872":"p","1873":"s","1874":":","1875":"/","1876":"/","1877":"r","1878":"o","1879":"u","1880":"t","1881":"e","1882":"r","1883":".","1884":"v","1885":"u","1886":"e","1887":"j","1888":"s","1889":".","1890":"o","1891":"r","1892":"g","1893":"\\","1894":"\"","1895":" ","1896":"t","1897":"a","1898":"r","1899":"g","1900":"e","1901":"t","1902":"=","1903":"\\","1904":"\"","1905":"_","1906":"b","1907":"l","1908":"a","1909":"n","1910":"k","1911":"\\","1912":"\"","1913":" ","1914":"r","1915":"e","1916":"l","1917":"=","1918":"\\","1919":"\"","1920":"n","1921":"o","1922":"o","1923":"p","1924":"e","1925":"n","1926":"e","1927":"r","1928":"\\","1929":"\"","1930":">","1931":"v","1932":"u","1933":"e","1934":"-","1935":"r","1936":"o","1937":"u","1938":"t","1939":"e","1940":"r","1941":"<","1942":"/","1943":"a","1944":">","1945":"<","1946":"/","1947":"l","1948":"i","1949":">","1950":"\\","1951":"n","1952":" ","1953":" ","1954":" ","1955":" ","1956":" ","1957":" ","1958":"<","1959":"l","1960":"i","1961":">","1962":"<","1963":"a","1964":" ","1965":"h","1966":"r","1967":"e","1968":"f","1969":"=","1970":"\\","1971":"\"","1972":"h","1973":"t","1974":"t","1975":"p","1976":"s","1977":":","1978":"/","1979":"/","1980":"v","1981":"u","1982":"e","1983":"x","1984":".","1985":"v","1986":"u","1987":"e","1988":"j","1989":"s","1990":".","1991":"o","1992":"r","1993":"g","1994":"\\","1995":"\"","1996":" ","1997":"t","1998":"a","1999":"r","2000":"g","2001":"e","2002":"t","2003":"=","2004":"\\","2005":"\"","2006":"_","2007":"b","2008":"l","2009":"a","2010":"n","2011":"k","2012":"\\","2013":"\"","2014":" ","2015":"r","2016":"e","2017":"l","2018":"=","2019":"\\","2020":"\"","2021":"n","2022":"o","2023":"o","2024":"p","2025":"e","2026":"n","2027":"e","2028":"r","2029":"\\","2030":"\"","2031":">","2032":"v","2033":"u","2034":"e","2035":"x","2036":"<","2037":"/","2038":"a","2039":">","2040":"<","2041":"/","2042":"l","2043":"i","2044":">","2045":"\\","2046":"n","2047":" ","2048":" ","2049":" ","2050":" ","2051":" ","2052":" ","2053":"<","2054":"l","2055":"i","2056":">","2057":"<","2058":"a","2059":" ","2060":"h","2061":"r","2062":"e","2063":"f","2064":"=","2065":"\\","2066":"\"","2067":"h","2068":"t","2069":"t","2070":"p","2071":"s","2072":":","2073":"/","2074":"/","2075":"g","2076":"i","2077":"t","2078":"h","2079":"u","2080":"b","2081":".","2082":"c","2083":"o","2084":"m","2085":"/","2086":"v","2087":"u","2088":"e","2089":"j","2090":"s","2091":"/","2092":"v","2093":"u","2094":"e","2095":"-","2096":"d","2097":"e","2098":"v","2099":"t","2100":"o","2101":"o","2102":"l","2103":"s","2104":"#","2105":"v","2106":"u","2107":"e","2108":"-","2109":"d","2110":"e","2111":"v","2112":"t","2113":"o","2114":"o","2115":"l","2116":"s","2117":"\\","2118":"\"","2119":" ","2120":"t","2121":"a","2122":"r","2123":"g","2124":"e","2125":"t","2126":"=","2127":"\\","2128":"\"","2129":"_","2130":"b","2131":"l","2132":"a","2133":"n","2134":"k","2135":"\\","2136":"\"","2137":" ","2138":"r","2139":"e","2140":"l","2141":"=","2142":"\\","2143":"\"","2144":"n","2145":"o","2146":"o","2147":"p","2148":"e","2149":"n","2150":"e","2151":"r","2152":"\\","2153":"\"","2154":">","2155":"v","2156":"u","2157":"e","2158":"-","2159":"d","2160":"e","2161":"v","2162":"t","2163":"o","2164":"o","2165":"l","2166":"s","2167":"<","2168":"/","2169":"a","2170":">","2171":"<","2172":"/","2173":"l","2174":"i","2175":">","2176":"\\","2177":"n","2178":" ","2179":" ","2180":" ","2181":" ","2182":" ","2183":" ","2184":"<","2185":"l","2186":"i","2187":">","2188":"<","2189":"a","2190":" ","2191":"h","2192":"r","2193":"e","2194":"f","2195":"=","2196":"\\","2197":"\"","2198":"h","2199":"t","2200":"t","2201":"p","2202":"s","2203":":","2204":"/","2205":"/","2206":"v","2207":"u","2208":"e","2209":"-","2210":"l","2211":"o","2212":"a","2213":"d","2214":"e","2215":"r","2216":".","2217":"v","2218":"u","2219":"e","2220":"j","2221":"s","2222":".","2223":"o","2224":"r","2225":"g","2226":"\\","2227":"\"","2228":" ","2229":"t","2230":"a","2231":"r","2232":"g","2233":"e","2234":"t","2235":"=","2236":"\\","2237":"\"","2238":"_","2239":"b","2240":"l","2241":"a","2242":"n","2243":"k","2244":"\\","2245":"\"","2246":" ","2247":"r","2248":"e","2249":"l","2250":"=","2251":"\\","2252":"\"","2253":"n","2254":"o","2255":"o","2256":"p","2257":"e","2258":"n","2259":"e","2260":"r","2261":"\\","2262":"\"","2263":">","2264":"v","2265":"u","2266":"e","2267":"-","2268":"l","2269":"o","2270":"a","2271":"d","2272":"e","2273":"r","2274":"<","2275":"/","2276":"a","2277":">","2278":"<","2279":"/","2280":"l","2281":"i","2282":">","2283":"\\","2284":"n","2285":" ","2286":" ","2287":" ","2288":" ","2289":" ","2290":" ","2291":"<","2292":"l","2293":"i","2294":">","2295":"<","2296":"a","2297":" ","2298":"h","2299":"r","2300":"e","2301":"f","2302":"=","2303":"\\","2304":"\"","2305":"h","2306":"t","2307":"t","2308":"p","2309":"s","2310":":","2311":"/","2312":"/","2313":"g","2314":"i","2315":"t","2316":"h","2317":"u","2318":"b","2319":".","2320":"c","2321":"o","2322":"m","2323":"/","2324":"v","2325":"u","2326":"e","2327":"j","2328":"s","2329":"/","2330":"a","2331":"w","2332":"e","2333":"s","2334":"o","2335":"m","2336":"e","2337":"-","2338":"v","2339":"u","2340":"e","2341":"\\","2342":"\"","2343":" ","2344":"t","2345":"a","2346":"r","2347":"g","2348":"e","2349":"t","2350":"=","2351":"\\","2352":"\"","2353":"_","2354":"b","2355":"l","2356":"a","2357":"n","2358":"k","2359":"\\","2360":"\"","2361":" ","2362":"r","2363":"e","2364":"l","2365":"=","2366":"\\","2367":"\"","2368":"n","2369":"o","2370":"o","2371":"p","2372":"e","2373":"n","2374":"e","2375":"r","2376":"\\","2377":"\"","2378":">","2379":"a","2380":"w","2381":"e","2382":"s","2383":"o","2384":"m","2385":"e","2386":"-","2387":"v","2388":"u","2389":"e","2390":"<","2391":"/","2392":"a","2393":">","2394":"<","2395":"/","2396":"l","2397":"i","2398":">","2399":"\\","2400":"n","2401":" ","2402":" ","2403":" ","2404":" ","2405":"<","2406":"/","2407":"u","2408":"l","2409":">","2410":"\\","2411":"n","2412":" ","2413":" ","2414":" ","2415":" ","2416":"<","2417":"h","2418":"3","2419":">","2420":"G","2421":"r","2422":"e","2423":"e","2424":"t","2425":"i","2426":"n","2427":"g","2428":"<","2429":"/","2430":"h","2431":"3","2432":">","2433":"\\","2434":"n","2435":" ","2436":" ","2437":"<","2438":"/","2439":"d","2440":"i","2441":"v","2442":">","2443":"\\","2444":"n","2445":" ","2446":" ","2447":"<","2448":"G","2449":"r","2450":"e","2451":"e","2452":"t","2453":"i","2454":"n","2455":"g","2456":"M","2457":"e","2458":"s","2459":"s","2460":"a","2461":"g","2462":"e","2463":">","2464":"<","2465":"/","2466":"G","2467":"r","2468":"e","2469":"e","2470":"t","2471":"i","2472":"n","2473":"g","2474":"M","2475":"e","2476":"s","2477":"s","2478":"a","2479":"g","2480":"e","2481":">","2482":"\\","2483":"n","2484":"<","2485":"/","2486":"t","2487":"e","2488":"m","2489":"p","2490":"l","2491":"a","2492":"t","2493":"e","2494":">","2495":"\\","2496":"n","2497":"\\","2498":"n","2499":"<","2500":"s","2501":"c","2502":"r","2503":"i","2504":"p","2505":"t","2506":">","2507":"\\","2508":"n","2509":"i","2510":"m","2511":"p","2512":"o","2513":"r","2514":"t","2515":" ","2516":"G","2517":"r","2518":"e","2519":"e","2520":"t","2521":"i","2522":"n","2523":"g","2524":"M","2525":"e","2526":"s","2527":"s","2528":"a","2529":"g","2530":"e","2531":" ","2532":"f","2533":"r","2534":"o","2535":"m","2536":" ","2537":"'","2538":".","2539":"/","2540":"G","2541":"r","2542":"e","2543":"e","2544":"t","2545":"i","2546":"n","2547":"g","2548":"M","2549":"e","2550":"s","2551":"s","2552":"a","2553":"g","2554":"e","2555":".","2556":"v","2557":"u","2558":"e","2559":"'","2560":";","2561":"\\","2562":"n","2563":"\\","2564":"n","2565":"e","2566":"x","2567":"p","2568":"o","2569":"r","2570":"t","2571":" ","2572":"d","2573":"e","2574":"f","2575":"a","2576":"u","2577":"l","2578":"t","2579":" ","2580":"{","2581":"\\","2582":"n","2583":" ","2584":" ","2585":"n","2586":"a","2587":"m","2588":"e","2589":":","2590":" ","2591":"'","2592":"H","2593":"e","2594":"l","2595":"l","2596":"o","2597":"W","2598":"o","2599":"r","2600":"l","2601":"d","2602":"'","2603":",","2604":"\\","2605":"n","2606":" ","2607":" ","2608":"c","2609":"o","2610":"m","2611":"p","2612":"o","2613":"n","2614":"e","2615":"n","2616":"t","2617":"s","2618":":","2619":" ","2620":"{","2621":"G","2622":"r","2623":"e","2624":"e","2625":"t","2626":"i","2627":"n","2628":"g","2629":"M","2630":"e","2631":"s","2632":"s","2633":"a","2634":"g","2635":"e","2636":"}","2637":",","2638":"\\","2639":"n","2640":" ","2641":" ","2642":"p","2643":"r","2644":"o","2645":"p","2646":"s","2647":":","2648":" ","2649":"{","2650":"\\","2651":"n","2652":" ","2653":" ","2654":" ","2655":" ","2656":"m","2657":"s","2658":"g","2659":":","2660":" ","2661":"S","2662":"t","2663":"r","2664":"i","2665":"n","2666":"g","2667":"\\","2668":"n","2669":" ","2670":" ","2671":"}","2672":"\\","2673":"n","2674":"}","2675":"\\","2676":"n","2677":"<","2678":"/","2679":"s","2680":"c","2681":"r","2682":"i","2683":"p","2684":"t","2685":">","2686":"\\","2687":"n","2688":"\\","2689":"n","2690":"<","2691":"!","2692":"-","2693":"-","2694":" ","2695":"A","2696":"d","2697":"d","2698":" ","2699":"\\","2700":"\"","2701":"s","2702":"c","2703":"o","2704":"p","2705":"e","2706":"d","2707":"\\","2708":"\"","2709":" ","2710":"a","2711":"t","2712":"t","2713":"r","2714":"i","2715":"b","2716":"u","2717":"t","2718":"e","2719":" ","2720":"t","2721":"o","2722":" ","2723":"l","2724":"i","2725":"m","2726":"i","2727":"t","2728":" ","2729":"C","2730":"S","2731":"S","2732":" ","2733":"t","2734":"o","2735":" ","2736":"t","2737":"h","2738":"i","2739":"s","2740":" ","2741":"c","2742":"o","2743":"m","2744":"p","2745":"o","2746":"n","2747":"e","2748":"n","2749":"t","2750":" ","2751":"o","2752":"n","2753":"l","2754":"y","2755":" ","2756":"-","2757":"-","2758":">","2759":"\\","2760":"n","2761":"<","2762":"s","2763":"t","2764":"y","2765":"l","2766":"e","2767":" ","2768":"s","2769":"c","2770":"o","2771":"p","2772":"e","2773":"d","2774":">","2775":"\\","2776":"n","2777":"h","2778":"3","2779":" ","2780":"{","2781":"\\","2782":"n","2783":" ","2784":" ","2785":"m","2786":"a","2787":"r","2788":"g","2789":"i","2790":"n","2791":":","2792":" ","2793":"4","2794":"0","2795":"p","2796":"x","2797":" ","2798":"0","2799":" ","2800":"0","2801":";","2802":"\\","2803":"n","2804":"}","2805":"\\","2806":"n","2807":"u","2808":"l","2809":" ","2810":"{","2811":"\\","2812":"n","2813":" ","2814":" ","2815":"l","2816":"i","2817":"s","2818":"t","2819":"-","2820":"s","2821":"t","2822":"y","2823":"l","2824":"e","2825":"-","2826":"t","2827":"y","2828":"p","2829":"e","2830":":","2831":" ","2832":"n","2833":"o","2834":"n","2835":"e","2836":";","2837":"\\","2838":"n","2839":" ","2840":" ","2841":"p","2842":"a","2843":"d","2844":"d","2845":"i","2846":"n","2847":"g","2848":":","2849":" ","2850":"0","2851":";","2852":"\\","2853":"n","2854":"}","2855":"\\","2856":"n","2857":"l","2858":"i","2859":" ","2860":"{","2861":"\\","2862":"n","2863":" ","2864":" ","2865":"d","2866":"i","2867":"s","2868":"p","2869":"l","2870":"a","2871":"y","2872":":","2873":" ","2874":"i","2875":"n","2876":"l","2877":"i","2878":"n","2879":"e","2880":"-","2881":"b","2882":"l","2883":"o","2884":"c","2885":"k","2886":";","2887":"\\","2888":"n","2889":" ","2890":" ","2891":"m","2892":"a","2893":"r","2894":"g","2895":"i","2896":"n","2897":":","2898":" ","2899":"0","2900":" ","2901":"1","2902":"0","2903":"p","2904":"x","2905":";","2906":"\\","2907":"n","2908":"}","2909":"\\","2910":"n","2911":"a","2912":" ","2913":"{","2914":"\\","2915":"n","2916":" ","2917":" ","2918":"c","2919":"o","2920":"l","2921":"o","2922":"r","2923":":","2924":" ","2925":"#","2926":"4","2927":"2","2928":"b","2929":"9","2930":"8","2931":"3","2932":";","2933":"\\","2934":"n","2935":"}","2936":"\\","2937":"n","2938":"<","2939":"/","2940":"s","2941":"t","2942":"y","2943":"l","2944":"e","2945":">","2946":"\\","2947":"n","2948":"\"","2949":"]","2950":"}"},"_coverageSchema":"1a1c01bbd47fc00a2c39e90264f33305004495a9","hash":"140bfef3150fd80f9d65609ba9c081e757c3390a"}
}
