TN:
SF:src/App.vue
FN:53,render
FNF:1
FNH:1
FNDA:5,render
DA:4,1
DA:5,1
DA:8,1
DA:39,1
DA:41,1
DA:42,1
DA:45,1
DA:46,1
DA:47,1
DA:48,1
DA:54,5
DA:55,5
DA:58,1
LF:13
LH:13
BRF:0
BRH:0
end_of_record
TN:
SF:src/assets/logo.png
FNF:0
FNH:0
DA:1,1
LF:1
LH:1
BRF:0
BRH:0
end_of_record
TN:
SF:src/components/GreetingMessage.vue
FN:18,render
FNF:1
FNH:1
FNDA:5,render
DA:4,1
DA:7,1
DA:8,1
DA:11,1
DA:13,1
DA:16,1
DA:17,1
DA:19,5
DA:20,1
LF:9
LH:9
BRF:0
BRH:0
end_of_record
TN:
SF:src/components/HelloWorld.vue
FN:37,render
FNF:1
FNH:1
FNDA:6,render
DA:4,1
DA:5,1
DA:8,1
DA:26,1
DA:28,1
DA:31,1
DA:32,1
DA:33,1
DA:36,1
DA:38,6
DA:39,6
DA:40,1
LF:12
LH:12
BRF:0
BRH:0
end_of_record
